2018-08-28 08:13:47,253 [Start Help Server] INFO  org.eclipse.jetty.util.log - Logging initialized @84184ms
2018-08-28 08:13:47,575 [Start Help Server] INFO  org.eclipse.jetty.server.Server - jetty-9.3.9.v20160517
2018-08-28 08:13:47,647 [Start Help Server] INFO  o.e.j.server.handler.ContextHandler - Started o.e.j.s.ServletContextHandler@2edb55d0{/help,null,AVAILABLE}
2018-08-28 08:13:47,673 [Start Help Server] INFO  o.e.jetty.server.AbstractConnector - Started ServerConnector@3c0c26a3{HTTP/1.1,[http/1.1]}{127.0.0.1:53931}
2018-08-28 08:13:47,673 [Start Help Server] INFO  org.eclipse.jetty.server.Server - Started @84610ms
2018-08-28 08:38:05,238 [ModalContext] WARN  o.e.m.j.i.JavaProjectConversionParticipant - rhcontroller has multiple source entries, this is not supported yet
2018-08-28 08:38:12,272 [Worker-30] INFO  o.e.m.c.i.l.LifecycleMappingFactory - Using org.maven.ide.eclipse.wtp.WarLifecycleMapping lifecycle mapping for MavenProject: rhcontroller:rhcontroller:0.0.1-SNAPSHOT @ C:\Users\user\Documents\GitHub\big_data_proj\rhcontroller\pom.xml.
2018-08-28 08:38:14,412 [Worker-30] INFO  o.e.m.j.i.AbstractJavaProjectConfigurator - Adding source folder /rhcontroller/src
2018-08-28 08:38:14,413 [Worker-30] INFO  o.e.m.j.i.AbstractJavaProjectConfigurator - Not adding source folder /rhcontroller/src/test/java because it overlaps with /rhcontroller/src
2018-08-28 08:38:21,991 [Worker-28] WARN  o.e.m.c.i.embedder.EclipseLogger - Using platform encoding (Cp1252 actually) to copy filtered resources, i.e. build is platform dependent!
2018-08-28 08:38:22,035 [Worker-28] INFO  o.e.m.c.i.embedder.EclipseLogger - skip non existing resourceDirectory C:\Users\user\Documents\GitHub\big_data_proj\rhcontroller\src\main\resources
2018-08-28 08:38:22,070 [Worker-28] WARN  o.e.m.c.i.embedder.EclipseLogger - Using platform encoding (Cp1252 actually) to copy filtered resources, i.e. build is platform dependent!
2018-08-28 08:38:22,086 [Worker-30] INFO  o.e.m.c.i.p.ProjectConfigurationManager - Update started
2018-08-28 08:38:22,090 [Worker-28] INFO  o.e.m.c.i.embedder.EclipseLogger - skip non existing resourceDirectory C:\Users\user\Documents\GitHub\big_data_proj\rhcontroller\src\test\resources
2018-08-28 08:38:22,934 [Worker-30] INFO  o.e.m.c.i.l.LifecycleMappingFactory - Using org.maven.ide.eclipse.wtp.WarLifecycleMapping lifecycle mapping for MavenProject: rhcontroller:rhcontroller:0.0.1-SNAPSHOT @ C:\Users\user\Documents\GitHub\big_data_proj\rhcontroller\pom.xml.
2018-08-28 08:38:24,081 [Worker-27] WARN  o.e.m.c.i.embedder.EclipseLogger - Using platform encoding (Cp1252 actually) to copy filtered resources, i.e. build is platform dependent!
2018-08-28 08:38:24,106 [Worker-27] INFO  o.e.m.c.i.embedder.EclipseLogger - skip non existing resourceDirectory C:\Users\user\Documents\GitHub\big_data_proj\rhcontroller\src\main\resources
2018-08-28 08:38:24,110 [Worker-27] WARN  o.e.m.c.i.embedder.EclipseLogger - Using platform encoding (Cp1252 actually) to copy filtered resources, i.e. build is platform dependent!
2018-08-28 08:38:24,147 [Worker-27] INFO  o.e.m.c.i.embedder.EclipseLogger - skip non existing resourceDirectory C:\Users\user\Documents\GitHub\big_data_proj\rhcontroller\src\test\resources
2018-08-28 08:38:24,148 [Worker-27] INFO  o.e.m.w.i.f.ResourceFilteringBuildParticipant - Changed resources require a complete clean of filtered resources of rhcontroller
2018-08-28 08:38:24,186 [Worker-27] INFO  o.e.m.w.i.f.ResourceFilteringBuildParticipant - Executing resource filtering for rhcontroller
2018-08-28 08:38:24,192 [Worker-27] WARN  o.e.m.c.i.embedder.EclipseLogger - The POM for org.apache.maven.plugins:maven-clean-plugin:jar:2.5 is missing, no dependency information available
2018-08-28 08:38:24,221 [Worker-27] WARN  o.e.m.c.i.embedder.EclipseLogger - Using platform encoding (Cp1252 actually) to copy filtered resources, i.e. build is platform dependent!
2018-08-28 08:38:24,283 [Worker-30] INFO  o.e.m.j.i.AbstractJavaProjectConfigurator - Adding source folder /rhcontroller/src
2018-08-28 08:38:24,294 [Worker-30] INFO  o.e.m.j.i.AbstractJavaProjectConfigurator - Not adding source folder /rhcontroller/src/test/java because it overlaps with /rhcontroller/src
2018-08-28 08:38:25,968 [Worker-30] INFO  o.e.m.w.i.f.ResourceFilteringBuildParticipant - Cleaning filtered folder for rhcontroller
2018-08-28 08:38:25,995 [Worker-30] INFO  o.e.m.c.i.p.ProjectConfigurationManager - Update completed: 3 sec
2018-08-28 08:38:26,112 [Worker-26] WARN  o.e.m.c.i.embedder.EclipseLogger - Using platform encoding (Cp1252 actually) to copy filtered resources, i.e. build is platform dependent!
2018-08-28 08:38:26,177 [Worker-26] INFO  o.e.m.c.i.embedder.EclipseLogger - skip non existing resourceDirectory C:\Users\user\Documents\GitHub\big_data_proj\rhcontroller\src\main\resources
2018-08-28 08:38:26,180 [Worker-26] WARN  o.e.m.c.i.embedder.EclipseLogger - Using platform encoding (Cp1252 actually) to copy filtered resources, i.e. build is platform dependent!
2018-08-28 08:38:26,219 [Worker-26] INFO  o.e.m.c.i.embedder.EclipseLogger - skip non existing resourceDirectory C:\Users\user\Documents\GitHub\big_data_proj\rhcontroller\src\test\resources
2018-08-28 08:38:26,219 [Worker-26] INFO  o.e.m.w.i.f.ResourceFilteringBuildParticipant - Changed resources require a complete clean of filtered resources of rhcontroller
2018-08-28 08:38:26,244 [Worker-26] INFO  o.e.m.w.i.f.ResourceFilteringBuildParticipant - Executing resource filtering for rhcontroller
2018-08-28 08:38:26,299 [Worker-26] WARN  o.e.m.c.i.embedder.EclipseLogger - Using platform encoding (Cp1252 actually) to copy filtered resources, i.e. build is platform dependent!
2018-08-28 08:45:42,268 [Worker-27] WARN  o.e.m.c.i.embedder.EclipseLogger - Using platform encoding (Cp1252 actually) to copy filtered resources, i.e. build is platform dependent!
2018-08-28 08:45:42,282 [Worker-27] INFO  o.e.m.c.i.embedder.EclipseLogger - skip non existing resourceDirectory C:\Users\user\Documents\GitHub\big_data_proj\rhcontroller\src\main\resources
2018-08-28 08:45:42,289 [Worker-27] WARN  o.e.m.c.i.embedder.EclipseLogger - Using platform encoding (Cp1252 actually) to copy filtered resources, i.e. build is platform dependent!
2018-08-28 08:45:42,310 [Worker-27] INFO  o.e.m.c.i.embedder.EclipseLogger - skip non existing resourceDirectory C:\Users\user\Documents\GitHub\big_data_proj\rhcontroller\src\test\resources
2018-08-28 09:02:25,426 [Worker-39] WARN  o.e.m.c.i.embedder.EclipseLogger - Using platform encoding (Cp1252 actually) to copy filtered resources, i.e. build is platform dependent!
2018-08-28 09:02:25,482 [Worker-39] INFO  o.e.m.c.i.embedder.EclipseLogger - skip non existing resourceDirectory C:\Users\user\Documents\GitHub\big_data_proj\rhcontroller\src\main\resources
2018-08-28 09:02:25,545 [Worker-39] WARN  o.e.m.c.i.embedder.EclipseLogger - Using platform encoding (Cp1252 actually) to copy filtered resources, i.e. build is platform dependent!
2018-08-28 09:02:25,582 [Worker-39] INFO  o.e.m.c.i.embedder.EclipseLogger - skip non existing resourceDirectory C:\Users\user\Documents\GitHub\big_data_proj\rhcontroller\src\test\resources
2018-08-28 09:14:38,233 [Worker-33] WARN  o.e.m.c.i.embedder.EclipseLogger - Using platform encoding (Cp1252 actually) to copy filtered resources, i.e. build is platform dependent!
2018-08-28 09:14:38,249 [Worker-33] INFO  o.e.m.c.i.embedder.EclipseLogger - skip non existing resourceDirectory C:\Users\user\Documents\GitHub\big_data_proj\rhcontroller\src\main\resources
2018-08-28 09:14:38,258 [Worker-33] WARN  o.e.m.c.i.embedder.EclipseLogger - Using platform encoding (Cp1252 actually) to copy filtered resources, i.e. build is platform dependent!
2018-08-28 09:14:38,275 [Worker-33] INFO  o.e.m.c.i.embedder.EclipseLogger - skip non existing resourceDirectory C:\Users\user\Documents\GitHub\big_data_proj\rhcontroller\src\test\resources
2018-08-28 10:02:23,207 [Worker-50] WARN  o.e.m.c.i.embedder.EclipseLogger - Using platform encoding (Cp1252 actually) to copy filtered resources, i.e. build is platform dependent!
2018-08-28 10:02:23,223 [Worker-50] INFO  o.e.m.c.i.embedder.EclipseLogger - skip non existing resourceDirectory C:\Users\user\Documents\GitHub\big_data_proj\rhcontroller\src\main\resources
2018-08-28 10:02:23,236 [Worker-50] WARN  o.e.m.c.i.embedder.EclipseLogger - Using platform encoding (Cp1252 actually) to copy filtered resources, i.e. build is platform dependent!
2018-08-28 10:02:23,257 [Worker-50] INFO  o.e.m.c.i.embedder.EclipseLogger - skip non existing resourceDirectory C:\Users\user\Documents\GitHub\big_data_proj\rhcontroller\src\test\resources
2018-08-28 10:10:48,478 [Worker-41] WARN  o.e.m.c.i.embedder.EclipseLogger - Using platform encoding (Cp1252 actually) to copy filtered resources, i.e. build is platform dependent!
2018-08-28 10:10:48,486 [Worker-41] INFO  o.e.m.c.i.embedder.EclipseLogger - skip non existing resourceDirectory C:\Users\user\Documents\GitHub\big_data_proj\rhcontroller\src\main\resources
2018-08-28 10:10:48,493 [Worker-41] WARN  o.e.m.c.i.embedder.EclipseLogger - Using platform encoding (Cp1252 actually) to copy filtered resources, i.e. build is platform dependent!
2018-08-28 10:10:48,511 [Worker-41] INFO  o.e.m.c.i.embedder.EclipseLogger - skip non existing resourceDirectory C:\Users\user\Documents\GitHub\big_data_proj\rhcontroller\src\test\resources
2018-08-28 10:11:27,865 [Worker-50] WARN  o.e.m.c.i.embedder.EclipseLogger - Using platform encoding (Cp1252 actually) to copy filtered resources, i.e. build is platform dependent!
2018-08-28 10:11:27,877 [Worker-50] INFO  o.e.m.c.i.embedder.EclipseLogger - skip non existing resourceDirectory C:\Users\user\Documents\GitHub\big_data_proj\rhcontroller\src\main\resources
2018-08-28 10:11:27,886 [Worker-50] WARN  o.e.m.c.i.embedder.EclipseLogger - Using platform encoding (Cp1252 actually) to copy filtered resources, i.e. build is platform dependent!
2018-08-28 10:11:27,904 [Worker-50] INFO  o.e.m.c.i.embedder.EclipseLogger - skip non existing resourceDirectory C:\Users\user\Documents\GitHub\big_data_proj\rhcontroller\src\test\resources
2018-08-28 10:11:56,830 [Worker-51] WARN  o.e.m.c.i.embedder.EclipseLogger - Using platform encoding (Cp1252 actually) to copy filtered resources, i.e. build is platform dependent!
2018-08-28 10:11:56,838 [Worker-51] INFO  o.e.m.c.i.embedder.EclipseLogger - skip non existing resourceDirectory C:\Users\user\Documents\GitHub\big_data_proj\rhcontroller\src\main\resources
2018-08-28 10:11:56,845 [Worker-51] WARN  o.e.m.c.i.embedder.EclipseLogger - Using platform encoding (Cp1252 actually) to copy filtered resources, i.e. build is platform dependent!
2018-08-28 10:11:56,859 [Worker-51] INFO  o.e.m.c.i.embedder.EclipseLogger - skip non existing resourceDirectory C:\Users\user\Documents\GitHub\big_data_proj\rhcontroller\src\test\resources
2018-08-28 10:12:08,647 [Worker-41] WARN  o.e.m.c.i.embedder.EclipseLogger - Using platform encoding (Cp1252 actually) to copy filtered resources, i.e. build is platform dependent!
2018-08-28 10:12:08,656 [Worker-41] INFO  o.e.m.c.i.embedder.EclipseLogger - skip non existing resourceDirectory C:\Users\user\Documents\GitHub\big_data_proj\rhcontroller\src\main\resources
2018-08-28 10:12:08,663 [Worker-41] WARN  o.e.m.c.i.embedder.EclipseLogger - Using platform encoding (Cp1252 actually) to copy filtered resources, i.e. build is platform dependent!
2018-08-28 10:12:08,676 [Worker-41] INFO  o.e.m.c.i.embedder.EclipseLogger - skip non existing resourceDirectory C:\Users\user\Documents\GitHub\big_data_proj\rhcontroller\src\test\resources
2018-08-28 10:13:20,774 [Worker-41] WARN  o.e.m.c.i.embedder.EclipseLogger - Using platform encoding (Cp1252 actually) to copy filtered resources, i.e. build is platform dependent!
2018-08-28 10:13:20,795 [Worker-41] INFO  o.e.m.c.i.embedder.EclipseLogger - skip non existing resourceDirectory C:\Users\user\Documents\GitHub\big_data_proj\rhcontroller\src\main\resources
2018-08-28 10:13:20,816 [Worker-41] WARN  o.e.m.c.i.embedder.EclipseLogger - Using platform encoding (Cp1252 actually) to copy filtered resources, i.e. build is platform dependent!
2018-08-28 10:13:20,852 [Worker-41] INFO  o.e.m.c.i.embedder.EclipseLogger - skip non existing resourceDirectory C:\Users\user\Documents\GitHub\big_data_proj\rhcontroller\src\test\resources
2018-08-28 10:16:03,304 [Worker-46] WARN  o.e.m.c.i.embedder.EclipseLogger - Using platform encoding (Cp1252 actually) to copy filtered resources, i.e. build is platform dependent!
2018-08-28 10:16:03,312 [Worker-46] INFO  o.e.m.c.i.embedder.EclipseLogger - skip non existing resourceDirectory C:\Users\user\Documents\GitHub\big_data_proj\rhcontroller\src\main\resources
2018-08-28 10:16:03,321 [Worker-46] WARN  o.e.m.c.i.embedder.EclipseLogger - Using platform encoding (Cp1252 actually) to copy filtered resources, i.e. build is platform dependent!
2018-08-28 10:16:03,334 [Worker-46] INFO  o.e.m.c.i.embedder.EclipseLogger - skip non existing resourceDirectory C:\Users\user\Documents\GitHub\big_data_proj\rhcontroller\src\test\resources
2018-08-28 10:20:53,422 [Worker-56] WARN  o.e.m.c.i.embedder.EclipseLogger - Using platform encoding (Cp1252 actually) to copy filtered resources, i.e. build is platform dependent!
2018-08-28 10:20:53,435 [Worker-56] INFO  o.e.m.c.i.embedder.EclipseLogger - skip non existing resourceDirectory C:\Users\user\Documents\GitHub\big_data_proj\rhcontroller\src\main\resources
2018-08-28 10:20:53,443 [Worker-56] WARN  o.e.m.c.i.embedder.EclipseLogger - Using platform encoding (Cp1252 actually) to copy filtered resources, i.e. build is platform dependent!
2018-08-28 10:20:53,469 [Worker-56] INFO  o.e.m.c.i.embedder.EclipseLogger - skip non existing resourceDirectory C:\Users\user\Documents\GitHub\big_data_proj\rhcontroller\src\test\resources
2018-08-28 10:43:14,166 [Worker-41] INFO  o.e.m.c.i.l.LifecycleMappingFactory - Using org.maven.ide.eclipse.wtp.WarLifecycleMapping lifecycle mapping for MavenProject: rhcontroller:rhcontroller:0.0.1-SNAPSHOT @ C:\Users\user\Documents\GitHub\big_data_proj\rhcontroller\pom.xml.
2018-08-28 10:43:15,373 [Worker-41] WARN  o.e.m.c.i.embedder.EclipseLogger - Using platform encoding (Cp1252 actually) to copy filtered resources, i.e. build is platform dependent!
2018-08-28 10:43:15,396 [Worker-41] INFO  o.e.m.c.i.embedder.EclipseLogger - skip non existing resourceDirectory C:\Users\user\Documents\GitHub\big_data_proj\rhcontroller\src\main\resources
2018-08-28 10:43:15,407 [Worker-41] WARN  o.e.m.c.i.embedder.EclipseLogger - Using platform encoding (Cp1252 actually) to copy filtered resources, i.e. build is platform dependent!
2018-08-28 10:43:15,431 [Worker-41] INFO  o.e.m.c.i.embedder.EclipseLogger - skip non existing resourceDirectory C:\Users\user\Documents\GitHub\big_data_proj\rhcontroller\src\test\resources
2018-08-28 10:43:15,431 [Worker-41] INFO  o.e.m.w.i.f.ResourceFilteringBuildParticipant - Changed resources require a complete clean of filtered resources of rhcontroller
2018-08-28 10:43:15,438 [Worker-41] INFO  o.e.m.w.i.f.ResourceFilteringBuildParticipant - Executing resource filtering for rhcontroller
2018-08-28 10:43:15,445 [Worker-41] WARN  o.e.m.c.i.embedder.EclipseLogger - Using platform encoding (Cp1252 actually) to copy filtered resources, i.e. build is platform dependent!
2018-08-28 10:43:16,741 [Worker-41] WARN  o.e.m.c.i.embedder.EclipseLogger - Using platform encoding (Cp1252 actually) to copy filtered resources, i.e. build is platform dependent!
2018-08-28 10:43:16,768 [Worker-41] INFO  o.e.m.c.i.embedder.EclipseLogger - skip non existing resourceDirectory C:\Users\user\Documents\GitHub\big_data_proj\rhcontroller\src\main\resources
2018-08-28 10:43:16,778 [Worker-41] WARN  o.e.m.c.i.embedder.EclipseLogger - Using platform encoding (Cp1252 actually) to copy filtered resources, i.e. build is platform dependent!
2018-08-28 10:43:16,793 [Worker-41] INFO  o.e.m.c.i.embedder.EclipseLogger - skip non existing resourceDirectory C:\Users\user\Documents\GitHub\big_data_proj\rhcontroller\src\test\resources
2018-08-28 10:59:41,898 [ModalContext] WARN  o.e.m.j.i.JavaProjectConversionParticipant - business_server_rhcontroller has multiple source entries, this is not supported yet
2018-08-28 10:59:43,162 [Worker-68] INFO  o.e.m.c.i.l.LifecycleMappingFactory - Using org.maven.ide.eclipse.wtp.WarLifecycleMapping lifecycle mapping for MavenProject: business_server_rhcontroller:business_server_rhcontroller:0.0.1-SNAPSHOT @ C:\Users\user\Documents\GitHub\big_data_proj\business_server_rhcontroller\pom.xml.
2018-08-28 10:59:43,615 [Worker-68] INFO  o.e.m.j.i.AbstractJavaProjectConfigurator - Adding source folder /business_server_rhcontroller/src
2018-08-28 10:59:43,759 [Worker-68] INFO  o.e.m.j.i.AbstractJavaProjectConfigurator - Not adding source folder /business_server_rhcontroller/src/test/java because it overlaps with /business_server_rhcontroller/src
2018-08-28 10:59:46,422 [Worker-68] INFO  o.e.m.c.i.p.ProjectConfigurationManager - Update started
2018-08-28 10:59:46,560 [Worker-68] INFO  o.e.m.c.i.l.LifecycleMappingFactory - Using org.maven.ide.eclipse.wtp.WarLifecycleMapping lifecycle mapping for MavenProject: business_server_rhcontroller:business_server_rhcontroller:0.0.1-SNAPSHOT @ C:\Users\user\Documents\GitHub\big_data_proj\business_server_rhcontroller\pom.xml.
2018-08-28 10:59:47,217 [Worker-69] WARN  o.e.m.c.i.embedder.EclipseLogger - Using platform encoding (Cp1252 actually) to copy filtered resources, i.e. build is platform dependent!
2018-08-28 10:59:47,280 [Worker-69] INFO  o.e.m.c.i.embedder.EclipseLogger - skip non existing resourceDirectory C:\Users\user\Documents\GitHub\big_data_proj\business_server_rhcontroller\src\main\resources
2018-08-28 10:59:47,290 [Worker-69] WARN  o.e.m.c.i.embedder.EclipseLogger - Using platform encoding (Cp1252 actually) to copy filtered resources, i.e. build is platform dependent!
2018-08-28 10:59:47,305 [Worker-69] INFO  o.e.m.c.i.embedder.EclipseLogger - skip non existing resourceDirectory C:\Users\user\Documents\GitHub\big_data_proj\business_server_rhcontroller\src\test\resources
2018-08-28 10:59:47,367 [Worker-68] INFO  o.e.m.j.i.AbstractJavaProjectConfigurator - Adding source folder /business_server_rhcontroller/src
2018-08-28 10:59:47,368 [Worker-68] INFO  o.e.m.j.i.AbstractJavaProjectConfigurator - Not adding source folder /business_server_rhcontroller/src/test/java because it overlaps with /business_server_rhcontroller/src
2018-08-28 10:59:50,447 [Worker-68] INFO  o.e.m.w.i.f.ResourceFilteringBuildParticipant - Cleaning filtered folder for business_server_rhcontroller
2018-08-28 10:59:50,488 [Worker-68] INFO  o.e.m.c.i.p.ProjectConfigurationManager - Update completed: 4 sec
2018-08-28 10:59:50,597 [Worker-69] WARN  o.e.m.c.i.embedder.EclipseLogger - Using platform encoding (Cp1252 actually) to copy filtered resources, i.e. build is platform dependent!
2018-08-28 10:59:50,623 [Worker-69] INFO  o.e.m.c.i.embedder.EclipseLogger - skip non existing resourceDirectory C:\Users\user\Documents\GitHub\big_data_proj\business_server_rhcontroller\src\main\resources
2018-08-28 10:59:50,651 [Worker-69] WARN  o.e.m.c.i.embedder.EclipseLogger - Using platform encoding (Cp1252 actually) to copy filtered resources, i.e. build is platform dependent!
2018-08-28 10:59:50,669 [Worker-69] INFO  o.e.m.c.i.embedder.EclipseLogger - skip non existing resourceDirectory C:\Users\user\Documents\GitHub\big_data_proj\business_server_rhcontroller\src\test\resources
2018-08-28 10:59:50,739 [Worker-69] INFO  o.e.m.w.i.f.ResourceFilteringBuildParticipant - Changed resources require a complete clean of filtered resources of business_server_rhcontroller
2018-08-28 10:59:50,739 [Worker-69] INFO  o.e.m.w.i.f.ResourceFilteringBuildParticipant - Executing resource filtering for business_server_rhcontroller
2018-08-28 10:59:50,746 [Worker-69] WARN  o.e.m.c.i.embedder.EclipseLogger - Using platform encoding (Cp1252 actually) to copy filtered resources, i.e. build is platform dependent!
2018-08-28 11:00:12,666 [Worker-67] WARN  o.e.m.c.i.embedder.EclipseLogger - Using platform encoding (Cp1252 actually) to copy filtered resources, i.e. build is platform dependent!
2018-08-28 11:00:12,686 [Worker-67] INFO  o.e.m.c.i.embedder.EclipseLogger - skip non existing resourceDirectory C:\Users\user\Documents\GitHub\big_data_proj\rhcontroller\src\main\resources
2018-08-28 11:00:12,699 [Worker-67] WARN  o.e.m.c.i.embedder.EclipseLogger - Using platform encoding (Cp1252 actually) to copy filtered resources, i.e. build is platform dependent!
2018-08-28 11:00:12,723 [Worker-67] INFO  o.e.m.c.i.embedder.EclipseLogger - skip non existing resourceDirectory C:\Users\user\Documents\GitHub\big_data_proj\rhcontroller\src\test\resources
2018-08-28 11:01:49,923 [Worker-55] INFO  o.e.m.c.i.l.LifecycleMappingFactory - Using org.maven.ide.eclipse.wtp.WarLifecycleMapping lifecycle mapping for MavenProject: business_server_rhcontroller:business_server_rhcontroller:0.0.1-SNAPSHOT @ C:\Users\user\Documents\GitHub\big_data_proj\business_server_rhcontroller\pom.xml.
2018-08-28 11:01:50,954 [Worker-55] WARN  o.e.m.c.i.embedder.EclipseLogger - Using platform encoding (Cp1252 actually) to copy filtered resources, i.e. build is platform dependent!
2018-08-28 11:01:51,067 [Worker-55] INFO  o.e.m.c.i.embedder.EclipseLogger - skip non existing resourceDirectory C:\Users\user\Documents\GitHub\big_data_proj\business_server_rhcontroller\src\main\resources
2018-08-28 11:01:51,080 [Worker-55] WARN  o.e.m.c.i.embedder.EclipseLogger - Using platform encoding (Cp1252 actually) to copy filtered resources, i.e. build is platform dependent!
2018-08-28 11:01:51,118 [Worker-55] INFO  o.e.m.c.i.embedder.EclipseLogger - skip non existing resourceDirectory C:\Users\user\Documents\GitHub\big_data_proj\business_server_rhcontroller\src\test\resources
2018-08-28 11:01:51,125 [Worker-55] INFO  o.e.m.w.i.f.ResourceFilteringBuildParticipant - Changed resources require a complete clean of filtered resources of business_server_rhcontroller
2018-08-28 11:01:51,126 [Worker-55] INFO  o.e.m.w.i.f.ResourceFilteringBuildParticipant - Executing resource filtering for business_server_rhcontroller
2018-08-28 11:01:51,130 [Worker-55] WARN  o.e.m.c.i.embedder.EclipseLogger - Using platform encoding (Cp1252 actually) to copy filtered resources, i.e. build is platform dependent!
2018-08-28 11:03:23,754 [Worker-71] WARN  o.e.m.c.i.embedder.EclipseLogger - Using platform encoding (Cp1252 actually) to copy filtered resources, i.e. build is platform dependent!
2018-08-28 11:03:23,795 [Worker-71] INFO  o.e.m.c.i.embedder.EclipseLogger - skip non existing resourceDirectory C:\Users\user\Documents\GitHub\big_data_proj\business_server_rhcontroller\src\main\resources
2018-08-28 11:03:23,808 [Worker-71] WARN  o.e.m.c.i.embedder.EclipseLogger - Using platform encoding (Cp1252 actually) to copy filtered resources, i.e. build is platform dependent!
2018-08-28 11:03:23,833 [Worker-71] INFO  o.e.m.c.i.embedder.EclipseLogger - skip non existing resourceDirectory C:\Users\user\Documents\GitHub\big_data_proj\business_server_rhcontroller\src\test\resources
2018-08-28 11:03:53,149 [Worker-69] WARN  o.e.m.c.i.embedder.EclipseLogger - Using platform encoding (Cp1252 actually) to copy filtered resources, i.e. build is platform dependent!
2018-08-28 11:03:53,164 [Worker-69] INFO  o.e.m.c.i.embedder.EclipseLogger - skip non existing resourceDirectory C:\Users\user\Documents\GitHub\big_data_proj\business_server_rhcontroller\src\main\resources
2018-08-28 11:03:53,171 [Worker-69] WARN  o.e.m.c.i.embedder.EclipseLogger - Using platform encoding (Cp1252 actually) to copy filtered resources, i.e. build is platform dependent!
2018-08-28 11:03:53,187 [Worker-69] INFO  o.e.m.c.i.embedder.EclipseLogger - skip non existing resourceDirectory C:\Users\user\Documents\GitHub\big_data_proj\business_server_rhcontroller\src\test\resources
2018-08-28 11:05:19,698 [Worker-71] WARN  o.e.m.c.i.embedder.EclipseLogger - Using platform encoding (Cp1252 actually) to copy filtered resources, i.e. build is platform dependent!
2018-08-28 11:05:19,721 [Worker-71] INFO  o.e.m.c.i.embedder.EclipseLogger - skip non existing resourceDirectory C:\Users\user\Documents\GitHub\big_data_proj\business_server_rhcontroller\src\main\resources
2018-08-28 11:05:19,728 [Worker-71] WARN  o.e.m.c.i.embedder.EclipseLogger - Using platform encoding (Cp1252 actually) to copy filtered resources, i.e. build is platform dependent!
2018-08-28 11:05:19,746 [Worker-71] INFO  o.e.m.c.i.embedder.EclipseLogger - skip non existing resourceDirectory C:\Users\user\Documents\GitHub\big_data_proj\business_server_rhcontroller\src\test\resources
2018-08-28 11:23:30,010 [Worker-73] WARN  o.e.m.c.i.embedder.EclipseLogger - Using platform encoding (Cp1252 actually) to copy filtered resources, i.e. build is platform dependent!
2018-08-28 11:23:30,020 [Worker-73] INFO  o.e.m.c.i.embedder.EclipseLogger - skip non existing resourceDirectory C:\Users\user\Documents\GitHub\big_data_proj\business_server_rhcontroller\src\main\resources
2018-08-28 11:23:30,027 [Worker-73] WARN  o.e.m.c.i.embedder.EclipseLogger - Using platform encoding (Cp1252 actually) to copy filtered resources, i.e. build is platform dependent!
2018-08-28 11:23:30,051 [Worker-73] INFO  o.e.m.c.i.embedder.EclipseLogger - skip non existing resourceDirectory C:\Users\user\Documents\GitHub\big_data_proj\business_server_rhcontroller\src\test\resources
2018-08-28 11:29:37,448 [Worker-80] WARN  o.e.m.c.i.embedder.EclipseLogger - Using platform encoding (Cp1252 actually) to copy filtered resources, i.e. build is platform dependent!
2018-08-28 11:29:37,463 [Worker-80] INFO  o.e.m.c.i.embedder.EclipseLogger - skip non existing resourceDirectory C:\Users\user\Documents\GitHub\big_data_proj\business_server_rhcontroller\src\main\resources
2018-08-28 11:29:37,470 [Worker-80] WARN  o.e.m.c.i.embedder.EclipseLogger - Using platform encoding (Cp1252 actually) to copy filtered resources, i.e. build is platform dependent!
2018-08-28 11:29:37,485 [Worker-80] INFO  o.e.m.c.i.embedder.EclipseLogger - skip non existing resourceDirectory C:\Users\user\Documents\GitHub\big_data_proj\business_server_rhcontroller\src\test\resources
2018-08-28 11:30:29,698 [Worker-82] WARN  o.e.m.c.i.embedder.EclipseLogger - Using platform encoding (Cp1252 actually) to copy filtered resources, i.e. build is platform dependent!
2018-08-28 11:30:29,714 [Worker-82] INFO  o.e.m.c.i.embedder.EclipseLogger - skip non existing resourceDirectory C:\Users\user\Documents\GitHub\big_data_proj\business_server_rhcontroller\src\main\resources
2018-08-28 11:30:29,721 [Worker-82] WARN  o.e.m.c.i.embedder.EclipseLogger - Using platform encoding (Cp1252 actually) to copy filtered resources, i.e. build is platform dependent!
2018-08-28 11:30:29,736 [Worker-82] INFO  o.e.m.c.i.embedder.EclipseLogger - skip non existing resourceDirectory C:\Users\user\Documents\GitHub\big_data_proj\business_server_rhcontroller\src\test\resources
2018-08-28 11:30:40,664 [Worker-78] WARN  o.e.m.c.i.embedder.EclipseLogger - Using platform encoding (Cp1252 actually) to copy filtered resources, i.e. build is platform dependent!
2018-08-28 11:30:40,688 [Worker-78] INFO  o.e.m.c.i.embedder.EclipseLogger - skip non existing resourceDirectory C:\Users\user\Documents\GitHub\big_data_proj\business_server_rhcontroller\src\main\resources
2018-08-28 11:30:40,694 [Worker-78] WARN  o.e.m.c.i.embedder.EclipseLogger - Using platform encoding (Cp1252 actually) to copy filtered resources, i.e. build is platform dependent!
2018-08-28 11:30:40,710 [Worker-78] INFO  o.e.m.c.i.embedder.EclipseLogger - skip non existing resourceDirectory C:\Users\user\Documents\GitHub\big_data_proj\business_server_rhcontroller\src\test\resources
2018-08-28 11:49:00,049 [Worker-87] WARN  o.e.m.c.i.embedder.EclipseLogger - Using platform encoding (Cp1252 actually) to copy filtered resources, i.e. build is platform dependent!
2018-08-28 11:49:00,059 [Worker-87] INFO  o.e.m.c.i.embedder.EclipseLogger - skip non existing resourceDirectory C:\Users\user\Documents\GitHub\big_data_proj\business_server_rhcontroller\src\main\resources
2018-08-28 11:49:00,066 [Worker-87] WARN  o.e.m.c.i.embedder.EclipseLogger - Using platform encoding (Cp1252 actually) to copy filtered resources, i.e. build is platform dependent!
2018-08-28 11:49:00,083 [Worker-87] INFO  o.e.m.c.i.embedder.EclipseLogger - skip non existing resourceDirectory C:\Users\user\Documents\GitHub\big_data_proj\business_server_rhcontroller\src\test\resources
2018-08-28 11:59:10,944 [Worker-85] WARN  o.e.m.c.i.embedder.EclipseLogger - Using platform encoding (Cp1252 actually) to copy filtered resources, i.e. build is platform dependent!
2018-08-28 11:59:10,958 [Worker-85] INFO  o.e.m.c.i.embedder.EclipseLogger - skip non existing resourceDirectory C:\Users\user\Documents\GitHub\big_data_proj\business_server_rhcontroller\src\main\resources
2018-08-28 11:59:10,965 [Worker-85] WARN  o.e.m.c.i.embedder.EclipseLogger - Using platform encoding (Cp1252 actually) to copy filtered resources, i.e. build is platform dependent!
2018-08-28 11:59:10,979 [Worker-85] INFO  o.e.m.c.i.embedder.EclipseLogger - skip non existing resourceDirectory C:\Users\user\Documents\GitHub\big_data_proj\business_server_rhcontroller\src\test\resources
2018-08-28 12:20:40,527 [Worker-93] WARN  o.e.m.c.i.embedder.EclipseLogger - Using platform encoding (Cp1252 actually) to copy filtered resources, i.e. build is platform dependent!
2018-08-28 12:20:40,537 [Worker-93] INFO  o.e.m.c.i.embedder.EclipseLogger - skip non existing resourceDirectory C:\Users\user\Documents\GitHub\big_data_proj\business_server_rhcontroller\src\main\resources
2018-08-28 12:20:40,544 [Worker-93] WARN  o.e.m.c.i.embedder.EclipseLogger - Using platform encoding (Cp1252 actually) to copy filtered resources, i.e. build is platform dependent!
2018-08-28 12:20:40,558 [Worker-93] INFO  o.e.m.c.i.embedder.EclipseLogger - skip non existing resourceDirectory C:\Users\user\Documents\GitHub\big_data_proj\business_server_rhcontroller\src\test\resources
2018-08-28 12:21:12,534 [Worker-95] WARN  o.e.m.c.i.embedder.EclipseLogger - Using platform encoding (Cp1252 actually) to copy filtered resources, i.e. build is platform dependent!
2018-08-28 12:21:12,548 [Worker-95] INFO  o.e.m.c.i.embedder.EclipseLogger - skip non existing resourceDirectory C:\Users\user\Documents\GitHub\big_data_proj\business_server_rhcontroller\src\main\resources
2018-08-28 12:21:12,555 [Worker-95] WARN  o.e.m.c.i.embedder.EclipseLogger - Using platform encoding (Cp1252 actually) to copy filtered resources, i.e. build is platform dependent!
2018-08-28 12:21:12,570 [Worker-95] INFO  o.e.m.c.i.embedder.EclipseLogger - skip non existing resourceDirectory C:\Users\user\Documents\GitHub\big_data_proj\business_server_rhcontroller\src\test\resources
2018-08-28 12:23:14,496 [Worker-98] WARN  o.e.m.c.i.embedder.EclipseLogger - Using platform encoding (Cp1252 actually) to copy filtered resources, i.e. build is platform dependent!
2018-08-28 12:23:14,511 [Worker-98] INFO  o.e.m.c.i.embedder.EclipseLogger - skip non existing resourceDirectory C:\Users\user\Documents\GitHub\big_data_proj\rhcontroller\src\main\resources
2018-08-28 12:23:14,518 [Worker-98] WARN  o.e.m.c.i.embedder.EclipseLogger - Using platform encoding (Cp1252 actually) to copy filtered resources, i.e. build is platform dependent!
2018-08-28 12:23:14,532 [Worker-98] INFO  o.e.m.c.i.embedder.EclipseLogger - skip non existing resourceDirectory C:\Users\user\Documents\GitHub\big_data_proj\rhcontroller\src\test\resources
2018-08-28 12:26:30,189 [Worker-93] WARN  o.e.m.c.i.embedder.EclipseLogger - Using platform encoding (Cp1252 actually) to copy filtered resources, i.e. build is platform dependent!
2018-08-28 12:26:30,205 [Worker-93] INFO  o.e.m.c.i.embedder.EclipseLogger - skip non existing resourceDirectory C:\Users\user\Documents\GitHub\big_data_proj\rhcontroller\src\main\resources
2018-08-28 12:26:30,211 [Worker-93] WARN  o.e.m.c.i.embedder.EclipseLogger - Using platform encoding (Cp1252 actually) to copy filtered resources, i.e. build is platform dependent!
2018-08-28 12:26:30,227 [Worker-93] INFO  o.e.m.c.i.embedder.EclipseLogger - skip non existing resourceDirectory C:\Users\user\Documents\GitHub\big_data_proj\rhcontroller\src\test\resources
2018-08-28 12:32:38,164 [Worker-87] WARN  o.e.m.c.i.embedder.EclipseLogger - Using platform encoding (Cp1252 actually) to copy filtered resources, i.e. build is platform dependent!
2018-08-28 12:32:38,188 [Worker-87] INFO  o.e.m.c.i.embedder.EclipseLogger - skip non existing resourceDirectory C:\Users\user\Documents\GitHub\big_data_proj\rhcontroller\src\main\resources
2018-08-28 12:32:38,194 [Worker-87] WARN  o.e.m.c.i.embedder.EclipseLogger - Using platform encoding (Cp1252 actually) to copy filtered resources, i.e. build is platform dependent!
2018-08-28 12:32:38,210 [Worker-87] INFO  o.e.m.c.i.embedder.EclipseLogger - skip non existing resourceDirectory C:\Users\user\Documents\GitHub\big_data_proj\rhcontroller\src\test\resources
2018-08-28 12:32:55,288 [Worker-95] WARN  o.e.m.c.i.embedder.EclipseLogger - Using platform encoding (Cp1252 actually) to copy filtered resources, i.e. build is platform dependent!
2018-08-28 12:32:55,304 [Worker-95] INFO  o.e.m.c.i.embedder.EclipseLogger - skip non existing resourceDirectory C:\Users\user\Documents\GitHub\big_data_proj\rhcontroller\src\main\resources
2018-08-28 12:32:55,313 [Worker-95] WARN  o.e.m.c.i.embedder.EclipseLogger - Using platform encoding (Cp1252 actually) to copy filtered resources, i.e. build is platform dependent!
2018-08-28 12:32:55,333 [Worker-95] INFO  o.e.m.c.i.embedder.EclipseLogger - skip non existing resourceDirectory C:\Users\user\Documents\GitHub\big_data_proj\rhcontroller\src\test\resources
2018-08-28 12:36:06,814 [Worker-97] WARN  o.e.m.c.i.embedder.EclipseLogger - Using platform encoding (Cp1252 actually) to copy filtered resources, i.e. build is platform dependent!
2018-08-28 12:36:06,838 [Worker-97] INFO  o.e.m.c.i.embedder.EclipseLogger - skip non existing resourceDirectory C:\Users\user\Documents\GitHub\big_data_proj\rhcontroller\src\main\resources
2018-08-28 12:36:06,847 [Worker-97] WARN  o.e.m.c.i.embedder.EclipseLogger - Using platform encoding (Cp1252 actually) to copy filtered resources, i.e. build is platform dependent!
2018-08-28 12:36:06,863 [Worker-97] INFO  o.e.m.c.i.embedder.EclipseLogger - skip non existing resourceDirectory C:\Users\user\Documents\GitHub\big_data_proj\rhcontroller\src\test\resources
2018-08-28 12:39:58,185 [Worker-91] WARN  o.e.m.c.i.embedder.EclipseLogger - Using platform encoding (Cp1252 actually) to copy filtered resources, i.e. build is platform dependent!
2018-08-28 12:39:58,206 [Worker-91] INFO  o.e.m.c.i.embedder.EclipseLogger - skip non existing resourceDirectory C:\Users\user\Documents\GitHub\big_data_proj\business_server_rhcontroller\src\main\resources
2018-08-28 12:39:58,216 [Worker-91] WARN  o.e.m.c.i.embedder.EclipseLogger - Using platform encoding (Cp1252 actually) to copy filtered resources, i.e. build is platform dependent!
2018-08-28 12:39:58,232 [Worker-91] INFO  o.e.m.c.i.embedder.EclipseLogger - skip non existing resourceDirectory C:\Users\user\Documents\GitHub\big_data_proj\business_server_rhcontroller\src\test\resources
2018-08-28 12:42:25,699 [Worker-96] WARN  o.e.m.c.i.embedder.EclipseLogger - Using platform encoding (Cp1252 actually) to copy filtered resources, i.e. build is platform dependent!
2018-08-28 12:42:25,719 [Worker-96] INFO  o.e.m.c.i.embedder.EclipseLogger - skip non existing resourceDirectory C:\Users\user\Documents\GitHub\big_data_proj\business_server_rhcontroller\src\main\resources
2018-08-28 12:42:25,726 [Worker-96] WARN  o.e.m.c.i.embedder.EclipseLogger - Using platform encoding (Cp1252 actually) to copy filtered resources, i.e. build is platform dependent!
2018-08-28 12:42:25,740 [Worker-96] INFO  o.e.m.c.i.embedder.EclipseLogger - skip non existing resourceDirectory C:\Users\user\Documents\GitHub\big_data_proj\business_server_rhcontroller\src\test\resources
2018-08-28 12:42:55,332 [Worker-100] WARN  o.e.m.c.i.embedder.EclipseLogger - Using platform encoding (Cp1252 actually) to copy filtered resources, i.e. build is platform dependent!
2018-08-28 12:42:55,361 [Worker-100] INFO  o.e.m.c.i.embedder.EclipseLogger - skip non existing resourceDirectory C:\Users\user\Documents\GitHub\big_data_proj\business_server_rhcontroller\src\main\resources
2018-08-28 12:42:55,371 [Worker-100] WARN  o.e.m.c.i.embedder.EclipseLogger - Using platform encoding (Cp1252 actually) to copy filtered resources, i.e. build is platform dependent!
2018-08-28 12:42:55,391 [Worker-100] INFO  o.e.m.c.i.embedder.EclipseLogger - skip non existing resourceDirectory C:\Users\user\Documents\GitHub\big_data_proj\business_server_rhcontroller\src\test\resources
2018-08-28 12:44:00,493 [Worker-95] WARN  o.e.m.c.i.embedder.EclipseLogger - Using platform encoding (Cp1252 actually) to copy filtered resources, i.e. build is platform dependent!
2018-08-28 12:44:00,513 [Worker-95] INFO  o.e.m.c.i.embedder.EclipseLogger - skip non existing resourceDirectory C:\Users\user\Documents\GitHub\big_data_proj\business_server_rhcontroller\src\main\resources
2018-08-28 12:44:00,519 [Worker-95] WARN  o.e.m.c.i.embedder.EclipseLogger - Using platform encoding (Cp1252 actually) to copy filtered resources, i.e. build is platform dependent!
2018-08-28 12:44:00,536 [Worker-95] INFO  o.e.m.c.i.embedder.EclipseLogger - skip non existing resourceDirectory C:\Users\user\Documents\GitHub\big_data_proj\business_server_rhcontroller\src\test\resources
2018-08-28 12:47:11,626 [Worker-101] WARN  o.e.m.c.i.embedder.EclipseLogger - Using platform encoding (Cp1252 actually) to copy filtered resources, i.e. build is platform dependent!
2018-08-28 12:47:11,641 [Worker-101] INFO  o.e.m.c.i.embedder.EclipseLogger - skip non existing resourceDirectory C:\Users\user\Documents\GitHub\big_data_proj\business_server_rhcontroller\src\main\resources
2018-08-28 12:47:11,648 [Worker-101] WARN  o.e.m.c.i.embedder.EclipseLogger - Using platform encoding (Cp1252 actually) to copy filtered resources, i.e. build is platform dependent!
2018-08-28 12:47:11,666 [Worker-101] INFO  o.e.m.c.i.embedder.EclipseLogger - skip non existing resourceDirectory C:\Users\user\Documents\GitHub\big_data_proj\business_server_rhcontroller\src\test\resources
2018-08-28 12:49:04,190 [Worker-105] WARN  o.e.m.c.i.embedder.EclipseLogger - Using platform encoding (Cp1252 actually) to copy filtered resources, i.e. build is platform dependent!
2018-08-28 12:49:04,206 [Worker-105] INFO  o.e.m.c.i.embedder.EclipseLogger - skip non existing resourceDirectory C:\Users\user\Documents\GitHub\big_data_proj\business_server_rhcontroller\src\main\resources
2018-08-28 12:49:04,213 [Worker-105] WARN  o.e.m.c.i.embedder.EclipseLogger - Using platform encoding (Cp1252 actually) to copy filtered resources, i.e. build is platform dependent!
2018-08-28 12:49:04,235 [Worker-105] INFO  o.e.m.c.i.embedder.EclipseLogger - skip non existing resourceDirectory C:\Users\user\Documents\GitHub\big_data_proj\business_server_rhcontroller\src\test\resources
2018-08-28 12:50:28,912 [Worker-97] WARN  o.e.m.c.i.embedder.EclipseLogger - Using platform encoding (Cp1252 actually) to copy filtered resources, i.e. build is platform dependent!
2018-08-28 12:50:28,935 [Worker-97] INFO  o.e.m.c.i.embedder.EclipseLogger - skip non existing resourceDirectory C:\Users\user\Documents\GitHub\big_data_proj\rhcontroller\src\main\resources
2018-08-28 12:50:28,942 [Worker-97] WARN  o.e.m.c.i.embedder.EclipseLogger - Using platform encoding (Cp1252 actually) to copy filtered resources, i.e. build is platform dependent!
2018-08-28 12:50:28,958 [Worker-97] INFO  o.e.m.c.i.embedder.EclipseLogger - skip non existing resourceDirectory C:\Users\user\Documents\GitHub\big_data_proj\rhcontroller\src\test\resources
2018-08-28 12:50:36,988 [Worker-103] WARN  o.e.m.c.i.embedder.EclipseLogger - Using platform encoding (Cp1252 actually) to copy filtered resources, i.e. build is platform dependent!
2018-08-28 12:50:37,005 [Worker-103] INFO  o.e.m.c.i.embedder.EclipseLogger - skip non existing resourceDirectory C:\Users\user\Documents\GitHub\big_data_proj\business_server_rhcontroller\src\main\resources
2018-08-28 12:50:37,012 [Worker-103] WARN  o.e.m.c.i.embedder.EclipseLogger - Using platform encoding (Cp1252 actually) to copy filtered resources, i.e. build is platform dependent!
2018-08-28 12:50:37,028 [Worker-103] INFO  o.e.m.c.i.embedder.EclipseLogger - skip non existing resourceDirectory C:\Users\user\Documents\GitHub\big_data_proj\business_server_rhcontroller\src\test\resources
2018-08-28 12:51:20,800 [Worker-104] WARN  o.e.m.c.i.embedder.EclipseLogger - Using platform encoding (Cp1252 actually) to copy filtered resources, i.e. build is platform dependent!
2018-08-28 12:51:20,818 [Worker-104] INFO  o.e.m.c.i.embedder.EclipseLogger - skip non existing resourceDirectory C:\Users\user\Documents\GitHub\big_data_proj\rhcontroller\src\main\resources
2018-08-28 12:51:20,826 [Worker-104] WARN  o.e.m.c.i.embedder.EclipseLogger - Using platform encoding (Cp1252 actually) to copy filtered resources, i.e. build is platform dependent!
2018-08-28 12:51:20,842 [Worker-104] INFO  o.e.m.c.i.embedder.EclipseLogger - skip non existing resourceDirectory C:\Users\user\Documents\GitHub\big_data_proj\rhcontroller\src\test\resources
2018-08-28 12:53:52,763 [Stop Help Server] INFO  o.e.jetty.server.AbstractConnector - Stopped ServerConnector@3c0c26a3{HTTP/1.1,[http/1.1]}{127.0.0.1:0}
2018-08-28 12:53:52,796 [Stop Help Server] INFO  o.e.j.server.handler.ContextHandler - Stopped o.e.j.s.ServletContextHandler@2edb55d0{/help,null,UNAVAILABLE}
2018-09-05 11:30:27,990 [Start Help Server] INFO  org.eclipse.jetty.util.log - Logging initialized @73479ms
2018-09-05 11:30:28,470 [Start Help Server] INFO  org.eclipse.jetty.server.Server - jetty-9.3.9.v20160517
2018-09-05 11:30:28,582 [Start Help Server] INFO  o.e.j.server.handler.ContextHandler - Started o.e.j.s.ServletContextHandler@5a320c8f{/help,null,AVAILABLE}
2018-09-05 11:30:28,621 [Start Help Server] INFO  o.e.jetty.server.AbstractConnector - Started ServerConnector@4e7dfed6{HTTP/1.1,[http/1.1]}{127.0.0.1:56659}
2018-09-05 11:30:28,621 [Start Help Server] INFO  org.eclipse.jetty.server.Server - Started @74122ms
2018-09-05 11:30:30,047 [Worker-11] WARN  o.e.m.c.i.embedder.EclipseLogger - Using platform encoding (Cp1252 actually) to copy filtered resources, i.e. build is platform dependent!
2018-09-05 11:30:30,104 [Worker-11] INFO  o.e.m.c.i.embedder.EclipseLogger - skip non existing resourceDirectory C:\Users\user\Documents\GitHub\big_data_proj\business_server_rhcontroller\src\main\resources
2018-09-05 11:30:30,108 [Worker-11] WARN  o.e.m.c.i.embedder.EclipseLogger - Using platform encoding (Cp1252 actually) to copy filtered resources, i.e. build is platform dependent!
2018-09-05 11:30:30,155 [Worker-11] INFO  o.e.m.c.i.embedder.EclipseLogger - skip non existing resourceDirectory C:\Users\user\Documents\GitHub\big_data_proj\business_server_rhcontroller\src\test\resources
2018-09-05 11:30:35,918 [Worker-3] WARN  o.e.m.c.i.embedder.EclipseLogger - Using platform encoding (Cp1252 actually) to copy filtered resources, i.e. build is platform dependent!
2018-09-05 11:30:35,959 [Worker-3] INFO  o.e.m.c.i.embedder.EclipseLogger - skip non existing resourceDirectory C:\Users\user\Documents\GitHub\big_data_proj\rhcontroller\src\main\resources
2018-09-05 11:30:35,961 [Worker-3] WARN  o.e.m.c.i.embedder.EclipseLogger - Using platform encoding (Cp1252 actually) to copy filtered resources, i.e. build is platform dependent!
2018-09-05 11:30:36,068 [Worker-3] INFO  o.e.m.c.i.embedder.EclipseLogger - skip non existing resourceDirectory C:\Users\user\Documents\GitHub\big_data_proj\rhcontroller\src\test\resources
2018-09-05 11:30:37,325 [Worker-23] WARN  o.e.m.c.i.embedder.EclipseLogger - Using platform encoding (Cp1252 actually) to copy filtered resources, i.e. build is platform dependent!
2018-09-05 11:30:37,352 [Worker-23] INFO  o.e.m.c.i.embedder.EclipseLogger - skip non existing resourceDirectory C:\Users\user\Documents\GitHub\big_data_proj\business_server_rhcontroller\src\main\resources
2018-09-05 11:30:37,354 [Worker-23] WARN  o.e.m.c.i.embedder.EclipseLogger - Using platform encoding (Cp1252 actually) to copy filtered resources, i.e. build is platform dependent!
2018-09-05 11:30:37,384 [Worker-23] INFO  o.e.m.c.i.embedder.EclipseLogger - skip non existing resourceDirectory C:\Users\user\Documents\GitHub\big_data_proj\business_server_rhcontroller\src\test\resources
2018-09-05 11:46:07,226 [Stop Help Server] INFO  o.e.jetty.server.AbstractConnector - Stopped ServerConnector@4e7dfed6{HTTP/1.1,[http/1.1]}{127.0.0.1:0}
2018-09-05 11:46:07,268 [Stop Help Server] INFO  o.e.j.server.handler.ContextHandler - Stopped o.e.j.s.ServletContextHandler@5a320c8f{/help,null,UNAVAILABLE}
